{
  "stats": {
    "suites": 1,
    "tests": 3,
    "passes": 2,
    "pending": 0,
    "failures": 1,
    "start": "2024-07-10T00:03:59.341Z",
    "end": "2024-07-10T00:04:09.213Z",
    "duration": 9872,
    "testsRegistered": 3,
    "passPercent": 66.66666666666666,
    "pendingPercent": 0,
    "other": 0,
    "hasOther": false,
    "skipped": 0,
    "hasSkipped": false
  },
  "results": [
    {
      "uuid": "6a000823-1f92-4667-a184-d07a719ed774",
      "title": "",
      "fullFile": "cypress\\e2e\\todo.cy.js",
      "file": "cypress\\e2e\\todo.cy.js",
      "beforeHooks": [],
      "afterHooks": [],
      "tests": [],
      "suites": [
        {
          "uuid": "ddc26e45-97fa-4ef6-9931-fe8cdcaade39",
          "title": "example to-do app",
          "fullFile": "",
          "file": "",
          "beforeHooks": [],
          "afterHooks": [],
          "tests": [
            {
              "title": "GIVEN navigating to the store WHEN I put a phone in the cart and click purchase THEN I have purchased a phone",
              "fullTitle": "example to-do app GIVEN navigating to the store WHEN I put a phone in the cart and click purchase THEN I have purchased a phone",
              "timedOut": null,
              "duration": 2352,
              "state": "passed",
              "speed": "fast",
              "pass": true,
              "fail": false,
              "pending": false,
              "context": null,
              "code": "// Arrange\nlet title = 'Apple iPhone 12, 128GB, Black';\ncy.go_to_product_shop();\n// Act\ncy.find_phone_and_add_to_cart(title);\n// Assert\ncy.is_phone_in_cart(title);",
              "err": {},
              "uuid": "a29c6eae-03a7-4eb4-8df6-1d01a614dd47",
              "parentUUID": "ddc26e45-97fa-4ef6-9931-fe8cdcaade39",
              "isHook": false,
              "skipped": false
            },
            {
              "title": "GIVEN navigating to the store WHEN I put a phone in the cart and click purchase THEN I have purchased a phone",
              "fullTitle": "example to-do app GIVEN navigating to the store WHEN I put a phone in the cart and click purchase THEN I have purchased a phone",
              "timedOut": null,
              "duration": 700,
              "state": "passed",
              "speed": "fast",
              "pass": true,
              "fail": false,
              "pending": false,
              "context": null,
              "code": "// Arrange\nlet title = 'Apple iPhone 12, 128GB, Black';\nlet target_message = 'Congrats! Your order of $905.99 has been registered!';\ncy.go_to_product_shop();\ncy.find_phone_and_add_to_cart(title);\n// Act\ncy.click_purchase();\n// Assert\ncy.get('#message').should('have.text', target_message);",
              "err": {},
              "uuid": "70c71a92-740e-4c4a-b1e7-59f28b3df6ce",
              "parentUUID": "ddc26e45-97fa-4ef6-9931-fe8cdcaade39",
              "isHook": false,
              "skipped": false
            },
            {
              "title": "Fail on purpose",
              "fullTitle": "example to-do app Fail on purpose",
              "timedOut": null,
              "duration": 4690,
              "state": "failed",
              "speed": null,
              "pass": false,
              "fail": true,
              "pending": false,
              "context": null,
              "code": "// Arrange\nlet title = 'Hello Nick!';\nlet target_message = 'Congrats! Your order of $905.99 has been registered!';\ncy.go_to_product_shop();\ncy.find_phone_and_add_to_cart(title);\n// Act\ncy.click_purchase();\n// Assert\ncy.get('#message').should('have.text', target_message);",
              "err": {
                "message": "AssertionError: Timed out retrying after 4000ms: Expected to find content: 'Hello Nick!' within the element: <div.shop-item> and with the selector: '.shop-item-title' but never did.",
                "estack": "AssertionError: Timed out retrying after 4000ms: Expected to find content: 'Hello Nick!' within the element: <div.shop-item> and with the selector: '.shop-item-title' but never did.\n    at Context.eval (webpack:///./cypress/support/product_shop_com.js:3:25)",
                "diff": null
              },
              "uuid": "662aac63-26dc-4454-a51c-a4f6edf35135",
              "parentUUID": "ddc26e45-97fa-4ef6-9931-fe8cdcaade39",
              "isHook": false,
              "skipped": false
            }
          ],
          "suites": [],
          "passes": [
            "a29c6eae-03a7-4eb4-8df6-1d01a614dd47",
            "70c71a92-740e-4c4a-b1e7-59f28b3df6ce"
          ],
          "failures": [
            "662aac63-26dc-4454-a51c-a4f6edf35135"
          ],
          "pending": [],
          "skipped": [],
          "duration": 7742,
          "root": false,
          "rootEmpty": false,
          "_timeout": 2000
        }
      ],
      "passes": [],
      "failures": [],
      "pending": [],
      "skipped": [],
      "duration": 0,
      "root": true,
      "rootEmpty": true,
      "_timeout": 2000
    }
  ],
  "meta": {
    "mocha": {
      "version": "7.0.1"
    },
    "mochawesome": {
      "options": {
        "quiet": false,
        "reportFilename": "mochawesome",
        "saveHtml": false,
        "saveJson": true,
        "consoleReporter": "spec",
        "useInlineDiffs": false,
        "code": true
      },
      "version": "7.1.3"
    },
    "marge": {
      "options": {
        "reportDir": "cypress/reports/mocha",
        "overwrite": true,
        "html": false,
        "xml": true
      },
      "version": "6.2.0"
    }
  }
}